<?xml version="1.0" encoding="UTF-8"?>
<!-- Generated by org.testng.reporters.JUnitReportReporter -->
<testsuite hostname="DESKTOP-7M143JH" failures="0" tests="2" name="skb.admintestcases.visitortest" time="108.302" errors="0" timestamp="24 Apr 2021 10:09:07 GMT" skipped="0">
  <testcase classname="skb.admintestcases.visitortest" name="addvisitor" time="45.268"/>
  <testcase classname="skb.admintestcases.visitortest" name="addvisitor" time="63.034"/>
</testsuite> <!-- skb.admintestcases.visitortest -->
