<?xml version="1.0" encoding="UTF-8"?>
<!-- Generated by org.testng.reporters.JUnitReportReporter -->
<testsuite hostname="DESKTOP-7M143JH" failures="0" tests="2" name="skb.admintestcases.frontofficetest" time="48.110" errors="0" timestamp="24 Apr 2021 10:09:07 GMT" skipped="0">
  <testcase classname="skb.admintestcases.frontofficetest" name="checkuserlabel1" time="22.600"/>
  <testcase classname="skb.admintestcases.frontofficetest" name="checkvisitorsclick" time="25.510"/>
</testsuite> <!-- skb.admintestcases.frontofficetest -->
