<?xml version="1.0" encoding="UTF-8"?>
<!-- Generated by org.testng.reporters.JUnitReportReporter -->
<testsuite hostname="DESKTOP-7M143JH" failures="0" tests="3" name="skb.admintestcases.homepagetest" time="68.361" errors="0" timestamp="24 Apr 2021 10:09:07 GMT" skipped="0">
  <testcase classname="skb.admintestcases.homepagetest" name="homepagetitle" time="22.096"/>
  <testcase classname="skb.admintestcases.homepagetest" name="checkuserlabel" time="21.869"/>
  <testcase classname="skb.admintestcases.homepagetest" name="checkfrontofficeclick" time="24.396"/>
</testsuite> <!-- skb.admintestcases.homepagetest -->
