<?xml version="1.0" encoding="UTF-8"?>
<!-- Generated by org.testng.reporters.JUnitReportReporter -->
<testsuite hostname="DESKTOP-7M143JH" failures="0" tests="3" name="skb.admintestcases.logintestcases" time="36.575" errors="0" timestamp="24 Apr 2021 10:09:07 GMT" skipped="0">
  <testcase classname="skb.admintestcases.logintestcases" name="titletest" time="6.170"/>
  <testcase classname="skb.admintestcases.logintestcases" name="logotest" time="9.641"/>
  <testcase classname="skb.admintestcases.logintestcases" name="login" time="20.764"/>
</testsuite> <!-- skb.admintestcases.logintestcases -->
