<?xml version="1.0" encoding="UTF-8"?>
<!-- Generated by org.testng.reporters.JUnitReportReporter -->
<testsuite hostname="DESKTOP-7M143JH" failures="0" tests="3" name="skb.admintestcases.homepagetest" time="70.883" errors="0" timestamp="24 Apr 2021 09:43:48 GMT" skipped="0">
  <testcase classname="skb.admintestcases.homepagetest" name="homepagetitle" time="25.492"/>
  <testcase classname="skb.admintestcases.homepagetest" name="checkuserlabel" time="20.703"/>
  <testcase classname="skb.admintestcases.homepagetest" name="checkfrontofficeclick" time="24.688"/>
</testsuite> <!-- skb.admintestcases.homepagetest -->
