<?xml version="1.0" encoding="UTF-8"?>
<!-- Generated by org.testng.reporters.JUnitReportReporter -->
<testsuite hostname="DESKTOP-7M143JH" failures="0" tests="2" name="skb.admintestcases.visitortest" time="97.353" errors="0" timestamp="24 Apr 2021 09:43:48 GMT" skipped="0">
  <testcase classname="skb.admintestcases.visitortest" name="addvisitor" time="44.094"/>
  <testcase classname="skb.admintestcases.visitortest" name="addvisitor" time="53.259"/>
</testsuite> <!-- skb.admintestcases.visitortest -->
