<?xml version="1.0" encoding="UTF-8"?>
<!-- Generated by org.testng.reporters.JUnitReportReporter -->
<testsuite hostname="DESKTOP-7M143JH" failures="0" tests="2" name="skb.admintestcases.frontofficetest" time="50.978" errors="0" timestamp="24 Apr 2021 09:43:48 GMT" skipped="0">
  <testcase classname="skb.admintestcases.frontofficetest" name="checkuserlabel1" time="23.630"/>
  <testcase classname="skb.admintestcases.frontofficetest" name="checkvisitorsclick" time="27.348"/>
</testsuite> <!-- skb.admintestcases.frontofficetest -->
