<?xml version="1.0" encoding="UTF-8"?>
<!-- Generated by org.testng.reporters.JUnitReportReporter -->
<testsuite hostname="DESKTOP-7M143JH" failures="0" tests="3" name="skb.admintestcases.logintestcases" time="43.634" errors="0" timestamp="24 Apr 2021 09:43:48 GMT" skipped="0">
  <testcase classname="skb.admintestcases.logintestcases" name="titletest" time="6.421"/>
  <testcase classname="skb.admintestcases.logintestcases" name="logotest" time="6.267"/>
  <testcase classname="skb.admintestcases.logintestcases" name="login" time="30.946"/>
</testsuite> <!-- skb.admintestcases.logintestcases -->
